<?xml version="1.0" encoding="UTF-8"?>
<Site BuildName="(empty)"
	BuildStamp="20240708-0519-Experimental"
	Name="BINRAHCHAHUN"
	Generator="ctest-3.22.1"
	CompilerName="/usr/bin/c++"
	CompilerVersion="11.4.0"
	OSName="Linux"
	Hostname="BINRAHCHAHUN"
	OSRelease="5.15.153.1-microsoft-standard-WSL2"
	OSVersion="#1 SMP Fri Mar 29 23:14:13 UTC 2024"
	OSPlatform="x86_64"
	Is64Bits="1"
	VendorString="GenuineIntel"
	VendorID="Intel Corporation"
	FamilyID="6"
	ModelID="186"
	ProcessorCacheSize="12288"
	NumberOfLogicalCPU="12"
	NumberOfPhysicalCPU="6"
	TotalVirtualMemory="2048"
	TotalPhysicalMemory="7809"
	LogicalProcessorsPerPhysical="2"
	ProcessorClockFrequency="2611.2"
	>
	<Testing>
		<StartDateTime>Jul 08 12:19 +07</StartDateTime>
		<StartTestTime>1720415982</StartTestTime>
		<TestList/>
		<EndDateTime>Jul 08 12:19 +07</EndDateTime>
		<EndTestTime>1720415982</EndTestTime>
		<ElapsedMinutes>0</ElapsedMinutes>
	</Testing>
</Site>
